[06:14:55] [main/INFO] ========================================
[06:14:55] [main/INFO] Minecraft: 1.20.1
[06:14:55] [main/INFO] Side: server
[06:14:55] [main/INFO] Development: false
[06:14:55] [main/INFO] Version: 12.1.785
[06:14:55] [main/INFO] Loader:
[06:14:55] [main/INFO] - Fabric: 0.16.12
[06:14:55] [main/INFO] - Fabric API: 0.92.5+1.20.1
[06:14:55] [main/INFO] Dependencies:
[06:14:55] [main/INFO] - Cloth Config: 11.1.136
[06:14:55] [main/INFO] - Architectury: 9.2.14
[06:14:55] [main/INFO] Mixin: 0.8.7
[06:14:55] [main/INFO] OS: Linux 6.1.0-33-cloud-amd64 (amd64)
[06:14:55] [main/INFO] Java: 17.0.14 (Debian)
[06:14:55] [main/INFO] ========================================
[06:14:55] [main/INFO] Mods:
[06:14:55] [main/INFO] - a_man_with_plushies: 4.3.0
[06:14:55] [main/INFO] - accessories: 1.0.0-beta.47+1.20.1
[06:14:55] [main/INFO] - ad_astra: 1.15.20
[06:14:55] [main/INFO] - additionalentityattributes: 1.3.0+1.20.0
[06:14:55] [main/INFO] - additionalstructures: 4.2.2
[06:14:55] [main/INFO] - addonslib: 1.20.1-1.4
[06:14:55] [main/INFO] - ae2: 15.3.4
[06:14:55] [main/INFO] - ae2wtlib: 15.2.1-fabric
[06:14:55] [main/INFO] - aether: 1.5.2-beta.6
[06:14:55] [main/INFO] - alcocraftplus: 2.0.2
[06:14:55] [main/INFO] - amendments: 1.20-1.2.19
[06:14:55] [main/INFO] - animal_feeding_trough: 1.1.0+1.20.1
[06:14:55] [main/INFO] - apoli: 2.9.0
[06:14:55] [main/INFO] - appleskin: 2.5.1+mc1.20
[06:14:55] [main/INFO] - apugli: 2.6.5+1.20.1-fabric
[06:14:55] [main/INFO] - archers: 1.3.0+1.20.1
[06:14:55] [main/INFO] - archers_expansion: 0.2.3-1.20.1
[06:14:55] [main/INFO] - architectury: 9.2.14
[06:14:55] [main/INFO] - artifacts: 9.5.15
[06:14:55] [main/INFO] - attributefix: 21.0.4
[06:14:55] [main/INFO] - automobility: 0.4.2+1.20.1-fabric
[06:14:55] [main/INFO] - azurelib: 2.0.41
[06:14:55] [main/INFO] - azurelibarmor: 2.0.14
[06:14:55] [main/INFO] - balm: 7.3.27
[06:14:55] [main/INFO] - bclib: 3.0.14
[06:14:55] [main/INFO] - bettercombat: 1.8.6+1.20.1
[06:14:55] [main/INFO] - betterdeserttemples: 1.20-Fabric-3.0.3
[06:14:55] [main/INFO] - betterdungeons: 1.20-Fabric-4.0.4
[06:14:55] [main/INFO] - betterend: 4.0.11
[06:14:55] [main/INFO] - betterfortresses: 1.20-Fabric-2.0.6
[06:14:55] [main/INFO] - betterjungletemples: 1.20-Fabric-2.0.5
[06:14:55] [main/INFO] - bettermineshafts: 1.20-Fabric-4.0.4
[06:14:55] [main/INFO] - betternether: 9.0.10
[06:14:55] [main/INFO] - betteroceanmonuments: 1.20-Fabric-3.0.4
[06:14:55] [main/INFO] - betterstrongholds: 1.20-Fabric-4.0.3
[06:14:55] [main/INFO] - betterthanmending: 1.3.0
[06:14:55] [main/INFO] - betterwitchhuts: 1.20-Fabric-3.0.3
[06:14:55] [main/INFO] - biomesoplenty: 19.0.0.96
[06:14:55] [main/INFO] - biomeswevegone: 1.5.10
[06:14:55] [main/INFO] - blue_endless_jankson: 1.2.3
[06:14:55] [main/INFO] - bookshelf: 20.2.13
[06:14:55] [main/INFO] - botanypots: 13.0.41
[06:14:55] [main/INFO] - botarium: 2.3.4
[06:14:55] [main/INFO] - bwncr: 3.17.2
[06:14:55] [main/INFO] - bygonenether: 1.3.2
[06:14:55] [main/INFO] - calio: 1.11.0
[06:14:55] [main/INFO] - cardinal-components: 5.2.3
[06:14:55] [main/INFO] - cardinal-components-base: 5.2.3
[06:14:55] [main/INFO] - cardinal-components-block: 5.2.3
[06:14:55] [main/INFO] - cardinal-components-chunk: 5.2.3
[06:14:55] [main/INFO] - cardinal-components-entity: 5.2.3
[06:14:55] [main/INFO] - cardinal-components-item: 5.2.3
[06:14:55] [main/INFO] - cardinal-components-level: 5.2.3
[06:14:55] [main/INFO] - cardinal-components-scoreboard: 5.2.3
[06:14:55] [main/INFO] - cardinal-components-world: 5.2.3
[06:14:55] [main/INFO] - carryon: 2.1.2.7
[06:14:55] [main/INFO] - cc_tweaked_cobalt: 0.9.3
[06:14:55] [main/INFO] - cccbridge: 1.6.2b-fabric
[06:14:55] [main/INFO] - ccore: 1.0.3
[06:14:55] [main/INFO] - chisel: 2.0.0+mc1.20.1
[06:14:55] [main/INFO] - cicada: 0.5.2+1.20.1-minus
[06:14:55] [main/INFO] - cloth-basic-math: 0.6.1
[06:14:55] [main/INFO] - cloth-config: 11.1.136
[06:14:55] [main/INFO] - cloth-config: 11.1.136
[06:14:55] [main/INFO] - cloth-utils-v1: 4.0.65
[06:14:55] [main/INFO] - clumps: 12.0.0.4
[06:14:55] [main/INFO] - com_electronwill_night-config_core: 3.8.0
[06:14:55] [main/INFO] - com_electronwill_night-config_toml: 3.8.0
[06:14:55] [main/INFO] - com_eliotlash_mclib_mclib: 20
[06:14:55] [main/INFO] - com_github_zsoltmolnarrr_tinyconfig: 2.3.2
[06:14:55] [main/INFO] - com_google_code_findbugs_jsr305: 3.0.2
[06:14:55] [main/INFO] - com_jcraft_jzlib: 1.1.3
[06:14:55] [main/INFO] - com_teamresourceful_bytecodecs: 1.0.2
[06:14:55] [main/INFO] - com_teamresourceful_yabn: 1.0.3
[06:14:55] [main/INFO] - com_twelvemonkeys_common_common-image: 3.12.0
[06:14:55] [main/INFO] - com_twelvemonkeys_common_common-io: 3.12.0
[06:14:55] [main/INFO] - com_twelvemonkeys_common_common-lang: 3.12.0
[06:14:55] [main/INFO] - com_twelvemonkeys_imageio_imageio-core: 3.12.0
[06:14:55] [main/INFO] - com_twelvemonkeys_imageio_imageio-metadata: 3.12.0
[06:14:55] [main/INFO] - com_twelvemonkeys_imageio_imageio-webp: 3.12.0
[06:14:55] [main/INFO] - com_typesafe_config: 1.4.2
[06:14:55] [main/INFO] - common-protection-api: 1.0.0
[06:14:55] [main/INFO] - computercraft: 1.113.1
[06:14:55] [main/INFO] - configured: 2.2.3
[06:14:55] [main/INFO] - connectedglass: 1.1.12
[06:14:55] [main/INFO] - cookingforblockheads: 16.0.13
[06:14:55] [main/INFO] - cooldown-coordinator: 0.6.3
[06:14:55] [main/INFO] - corgilib: 4.0.3.3
[06:14:55] [main/INFO] - create: 0.5.1-j-build.1631+mc1.20.1
[06:14:55] [main/INFO] - createaddition: 1.2.5
[06:14:55] [main/INFO] - creeperoverhaul: 3.0.2
[06:14:55] [main/INFO] - cristellib: 1.1.5
[06:14:55] [main/INFO] - crittersandcompanions: 2.2.2
[06:14:55] [main/INFO] - cryonicconfig: 1.0.0+mc1.20.1
[06:14:55] [main/INFO] - darkorb: 1.0.4
[06:14:55] [main/INFO] - darkutils: 17.0.5
[06:14:55] [main/INFO] - dataanchor: 1.0.0.13
[06:14:55] [main/INFO] - dml-refabricated: 0.6.1-BETA+1.20.1
[06:14:55] [main/INFO] - dml-refabricated-base: 0.6.1-BETA+1.20.1
[06:14:55] [main/INFO] - dml-refabricated-modular-armor: 0.6.1-BETA+1.20.1
[06:14:55] [main/INFO] - dmlsimulacrum: 0.6.1-BETA+1.20.1
[06:14:55] [main/INFO] - dripstone_fluid_lib: 3.0.2
[06:14:55] [main/INFO] - dungeons_arise: 2.1.58
[06:14:55] [main/INFO] - elemental_wizards_rpg: 1.3.3-1.20.1
[06:14:55] [main/INFO] - enderchests: 1.20.1-1.3
[06:14:55] [main/INFO] - endrem: 5.2.4
[06:14:55] [main/INFO] - enhancedcelestials: 1.20.1-5.0.3.1
[06:14:55] [main/INFO] - enhanceddoors: 1.1.1
[06:14:55] [main/INFO] - error_notifier: 1.0.9
[06:14:55] [main/INFO] - expandability: 9.0.4
[06:14:55] [main/INFO] - exposure: 1.7.10
[06:14:55] [main/INFO] - extraclasses20: 1.0.0
[06:14:55] [main/INFO] - extrakeybinds: 0.5.0+1.17-1.19.4
[06:14:55] [main/INFO] - extraorigins: 1.20-8
[06:14:55] [main/INFO] - fabric-api: 0.92.5+1.20.1
[06:14:55] [main/INFO] - fabric-api: 0.92.5+1.20.1
[06:14:55] [main/INFO] - fabric-api-base: 0.4.32+1802ada577
[06:14:55] [main/INFO] - fabric-api-lookup-api-v1: 1.6.37+1802ada577
[06:14:55] [main/INFO] - fabric-biome-api-v1: 13.0.14+1802ada577
[06:14:55] [main/INFO] - fabric-block-api-v1: 1.0.12+1802ada577
[06:14:55] [main/INFO] - fabric-block-view-api-v2: 1.0.3+924f046a77
[06:14:55] [main/INFO] - fabric-command-api-v1: 1.2.35+f71b366f77
[06:14:55] [main/INFO] - fabric-command-api-v2: 2.2.14+1802ada577
[06:14:55] [main/INFO] - fabric-commands-v0: 0.2.52+df3654b377
[06:14:55] [main/INFO] - fabric-containers-v0: 0.1.66+df3654b377
[06:14:55] [main/INFO] - fabric-content-registries-v0: 4.0.13+1802ada577
[06:14:55] [main/INFO] - fabric-convention-tags-v1: 1.5.6+1802ada577
[06:14:55] [main/INFO] - fabric-crash-report-info-v1: 0.2.20+1802ada577
[06:14:55] [main/INFO] - fabric-data-attachment-api-v1: 1.0.2+de0fd6d177
[06:14:55] [main/INFO] - fabric-data-generation-api-v1: 12.3.6+1802ada577
[06:14:55] [main/INFO] - fabric-dimensions-v1: 2.1.55+1802ada577
[06:14:55] [main/INFO] - fabric-entity-events-v1: 1.6.1+1c78457f77
[06:14:55] [main/INFO] - fabric-events-interaction-v0: 0.6.4+13a40c6677
[06:14:55] [main/INFO] - fabric-events-lifecycle-v0: 0.2.64+df3654b377
[06:14:55] [main/INFO] - fabric-game-rule-api-v1: 1.0.41+1802ada577
[06:14:55] [main/INFO] - fabric-item-api-v1: 2.1.29+1802ada577
[06:14:55] [main/INFO] - fabric-item-group-api-v1: 4.0.14+1802ada577
[06:14:55] [main/INFO] - fabric-language-kotlin: 1.13.2+kotlin.2.1.20
[06:14:55] [main/INFO] - fabric-lifecycle-events-v1: 2.2.23+1802ada577
[06:14:55] [main/INFO] - fabric-loot-api-v2: 1.2.3+1802ada577
[06:14:55] [main/INFO] - fabric-loot-tables-v1: 1.1.47+9e7660c677
[06:14:55] [main/INFO] - fabric-message-api-v1: 5.1.10+1802ada577
[06:14:55] [main/INFO] - fabric-mining-level-api-v1: 2.1.52+1802ada577
[06:14:55] [main/INFO] - fabric-networking-api-v1: 1.3.13+13a40c6677
[06:14:55] [main/INFO] - fabric-networking-v0: 0.3.53+df3654b377
[06:14:55] [main/INFO] - fabric-object-builder-api-v1: 11.1.5+e35120df77
[06:14:55] [main/INFO] - fabric-particles-v1: 1.1.3+1802ada577
[06:14:55] [main/INFO] - fabric-permissions-api-v0: 0.2-SNAPSHOT
[06:14:55] [main/INFO] - fabric-recipe-api-v1: 1.0.23+1802ada577
[06:14:55] [main/INFO] - fabric-registry-sync-v0: 2.3.5+1802ada577
[06:14:55] [main/INFO] - fabric-rendering-data-attachment-v1: 0.3.39+92a0d36777
[06:14:55] [main/INFO] - fabric-rendering-fluids-v1: 3.0.29+1802ada577
[06:14:55] [main/INFO] - fabric-resource-conditions-api-v1: 2.3.9+1802ada577
[06:14:55] [main/INFO] - fabric-resource-loader-v0: 0.11.12+fb82e9d777
[06:14:55] [main/INFO] - fabric-screen-handler-api-v1: 1.3.32+1802ada577
[06:14:55] [main/INFO] - fabric-transfer-api-v1: 3.3.6+8dd72ea377
[06:14:55] [main/INFO] - fabric-transitive-access-wideners-v1: 4.3.2+1802ada577
[06:14:55] [main/INFO] - fabricloader: 0.16.12
[06:14:55] [main/INFO] - ferritecore: 6.0.1
[06:14:55] [main/INFO] - fiber: 0.23.0-2
[06:14:55] [main/INFO] - forgeconfigapiport: 8.0.2
[06:14:55] [main/INFO] - friendsandfoes: 3.0.9
[06:14:55] [main/INFO] - fumo: 14.0.1
[06:14:55] [main/INFO] - fusion: 1.2.5
[06:14:55] [main/INFO] - gazebo: 1.1.1+1.20.1
[06:14:55] [main/INFO] - geckolib: 4.7.1.2
[06:14:55] [main/INFO] - glitchcore: 0.0.1.1
[06:14:55] [main/INFO] - graveyard: 3.0
[06:14:55] [main/INFO] - handcrafted: 3.0.6
[06:14:55] [main/INFO] - hwg: 2.0.2
[06:14:55] [main/INFO] - immersive_aircraft: 1.2.2+1.20.1
[06:14:55] [main/INFO] - immersive_armors: 1.6.1+1.20.1
[06:14:55] [main/INFO] - immersive_melodies: 0.4.0+1.20.1
[06:14:55] [main/INFO] - immersive_paintings: 0.6.7+1.20.1
[06:14:55] [main/INFO] - impersonate: 2.10.3
[06:14:55] [main/INFO] - incendium: 5.3.5
[06:14:55] [main/INFO] - indrev: 1.16.5-BETA
[06:14:55] [main/INFO] - inmis: 2.7.2-1.20.1
[06:14:55] [main/INFO] - inmisaddon: 1.0.4
[06:14:55] [main/INFO] - inventorysorter: 1.9.0-1.20
[06:14:55] [main/INFO] - invoke: 1.0.3.1-1.20.1
[06:14:55] [main/INFO] - io_leangen_geantyref_geantyref: 1.3.13
[06:14:55] [main/INFO] - io_netty_netty-codec-http: 4.1.82
[06:14:55] [main/INFO] - io_netty_netty-codec-socks: 4.1.82
[06:14:55] [main/INFO] - io_netty_netty-handler-proxy: 4.1.82
[06:14:55] [main/INFO] - io_wispforest_endec: 0.1.8
[06:14:55] [main/INFO] - io_wispforest_endec_gson: 0.1.5
[06:14:55] [main/INFO] - io_wispforest_endec_netty: 0.1.4
[06:14:55] [main/INFO] - ironchests: 5.0.2
[06:14:55] [main/INFO] - jade: 11.12.3+fabric
[06:14:55] [main/INFO] - jankson: 6.0.0+j1.2.3
[06:14:55] [main/INFO] - java: 17
[06:14:55] [main/INFO] - javazoom_jlayer: 1.0.1
[06:14:55] [main/INFO] - jsonem: 0.2.1+1.20
[06:14:55] [main/INFO] - jupiter: 2.0
[06:14:55] [main/INFO] - kanos_config: 0.4.1+1.14.4-1.19.4
[06:14:55] [main/INFO] - kleeslabs: 15.0.6
[06:14:55] [main/INFO] - ktdatataglib: 1.6.7+1.20.1
[06:14:55] [main/INFO] - kuma_api: 20.1.10
[06:14:55] [main/INFO] - kyrptconfig: 1.5.6-1.20
[06:14:55] [main/INFO] - lavender: 0.1.9+1.20
[06:14:55] [main/INFO] - lavender-md: 0.1.1+1.20
[06:14:55] [main/INFO] - lavender-md-owo-ui: 0.1.1+1.20
[06:14:55] [main/INFO] - libgui: 8.1.1+1.20.1
[06:14:55] [main/INFO] - libninepatch: 1.2.0
[06:14:55] [main/INFO] - lithium: 0.11.3
[06:14:55] [main/INFO] - lolgilded: 1.3.0 - 1.20.1
[06:14:55] [main/INFO] - lootr: 0.7.35.85
[06:14:55] [main/INFO] - magistuarmory: 9.20
[06:14:55] [main/INFO] - magna: 1.10.1+1.20.1
[06:14:55] [main/INFO] - mantle: 1.20.1-1.9.277
[06:14:55] [main/INFO] - masiks_puzzle_dungeon: 1.2.0
[06:14:55] [main/INFO] - mcwbiomesoplenty: 1.20.1-1.1
[06:14:55] [main/INFO] - mcwdoors: 1.1.2
[06:14:55] [main/INFO] - mcwfences: 1.2.0
[06:14:55] [main/INFO] - mcwfurnitures: 3.3.0
[06:14:55] [main/INFO] - mcwlights: 1.1.1
[06:14:55] [main/INFO] - mcwroofs: 2.3.1
[06:14:55] [main/INFO] - mcwtrpdoors: 1.1.4
[06:14:55] [main/INFO] - mcwwindows: 2.3.0
[06:14:55] [main/INFO] - midnightlib: 1.4.1
[06:14:55] [main/INFO] - milk: 1.2.60
[06:14:55] [main/INFO] - minecraft: 1.20.1
[06:14:55] [main/INFO] - mixinextras: 0.4.1
[06:14:55] [main/INFO] - mixinsquared: 0.1.1
[06:14:55] [main/INFO] - mm: 2.3
[06:14:55] [main/INFO] - mm_shedaniel: 2.4.1
[06:14:55] [main/INFO] - mns: 1.0.3-1.20-fabric
[06:14:55] [main/INFO] - moborigins: 1.11.1
[06:14:55] [main/INFO] - modern_industrialization: 1.8.6
[06:14:55] [main/INFO] - modernfix: 5.20.2+mc1.20.1
[06:14:55] [main/INFO] - moonlight: 1.20-2.13.81
[06:14:55] [main/INFO] - more_rpg_classes: 1.2.12-1.20.1
[06:14:55] [main/INFO] - moremobvariants: 1.3.1
[06:14:55] [main/INFO] - mostructures: 1.4.5+1.20.1
[06:14:55] [main/INFO] - mr_tidal_towns: 1.3.4
[06:14:55] [main/INFO] - mvs: 4.1.4-1.20-fabric
[06:14:55] [main/INFO] - naturescompass: 1.20.1-2.2.3-fabric
[06:14:55] [main/INFO] - net_jodah_typetools: 0.6.3
[06:14:55] [main/INFO] - nitrogen_internals: 1.20.1-1.0.15-fabric
[06:14:55] [main/INFO] - nochatreports: 1.20.1-v2.2.2
[06:14:55] [main/INFO] - ohthetreesyoullgrow: 1.3.8
[06:14:55] [main/INFO] - omega-config: 1.4.1+1.20.1
[06:14:55] [main/INFO] - omnihopper: 2.2.4+1.20
[06:14:55] [main/INFO] - openpartiesandclaims: 0.24.0
[06:14:55] [main/INFO] - org_javassist_javassist: 3.29.2-GA
[06:14:55] [main/INFO] - org_jetbrains_kotlin_kotlin-reflect: 2.1.20
[06:14:55] [main/INFO] - org_jetbrains_kotlin_kotlin-stdlib: 2.1.20
[06:14:55] [main/INFO] - org_jetbrains_kotlin_kotlin-stdlib-jdk7: 2.1.20
[06:14:55] [main/INFO] - org_jetbrains_kotlin_kotlin-stdlib-jdk8: 2.1.20
[06:14:55] [main/INFO] - org_jetbrains_kotlinx_atomicfu-jvm: 0.27.0
[06:14:55] [main/INFO] - org_jetbrains_kotlinx_kotlinx-coroutines-core-jvm: 1.10.1
[06:14:55] [main/INFO] - org_jetbrains_kotlinx_kotlinx-coroutines-jdk8: 1.10.1
[06:14:55] [main/INFO] - org_jetbrains_kotlinx_kotlinx-datetime-jvm: 0.6.2
[06:14:55] [main/INFO] - org_jetbrains_kotlinx_kotlinx-io-bytestring-jvm: 0.7.0
[06:14:55] [main/INFO] - org_jetbrains_kotlinx_kotlinx-io-core-jvm: 0.7.0
[06:14:55] [main/INFO] - org_jetbrains_kotlinx_kotlinx-serialization-cbor-jvm: 1.8.0
[06:14:55] [main/INFO] - org_jetbrains_kotlinx_kotlinx-serialization-core-jvm: 1.8.0
[06:14:55] [main/INFO] - org_jetbrains_kotlinx_kotlinx-serialization-json-jvm: 1.8.0
[06:14:55] [main/INFO] - org_mariuszgromada_math_mathparser_org-mxparser: 5.2.1
[06:14:55] [main/INFO] - org_quiltmc_parsers_gson: 0.2.1
[06:14:55] [main/INFO] - org_quiltmc_parsers_json: 0.2.1
[06:14:55] [main/INFO] - org_reflections_reflections: 0.10.2
[06:14:55] [main/INFO] - org_spongepowered_configurate-core: 4.1.2
[06:14:55] [main/INFO] - org_spongepowered_configurate-hocon: 4.1.2
[06:14:55] [main/INFO] - origins: 1.10.0
[06:14:55] [main/INFO] - origins-classes: 1.7.0
[06:14:55] [main/INFO] - owo: 0.11.2+1.20
[06:14:55] [main/INFO] - packet_tweaker: 0.4.0+1.19.4
[06:14:55] [main/INFO] - paladins: 1.4.0+1.20.1
[06:14:55] [main/INFO] - paraglider: 20.1.3
[06:14:55] [main/INFO] - patchouli: 1.20.1-84.1-FABRIC
[06:14:55] [main/INFO] - pehkui: 3.8.3+1.14.4-1.21
[06:14:55] [main/INFO] - permanentsponges: 8.1.2
[06:14:55] [main/INFO] - pigpen: 15.0.2
[06:14:55] [main/INFO] - placeholder-api: 2.1.3+1.20.1
[06:14:55] [main/INFO] - player-animator: 1.0.2-rc1+1.20
[06:14:55] [main/INFO] - playerabilitylib: 1.8.0
[06:14:55] [main/INFO] - plethora: 1.11.7
[06:14:55] [main/INFO] - polymer-common: 0.5.19+1.20.1
[06:14:55] [main/INFO] - polymer-core: 0.5.19+1.20.1
[06:14:55] [main/INFO] - polymer-networking: 0.5.19+1.20.1
[06:14:55] [main/INFO] - polymer-registry-sync-manipulator: 0.5.19+1.20.1
[06:14:55] [main/INFO] - polymer-resource-pack: 0.5.19+1.20.1
[06:14:55] [main/INFO] - polymer-virtual-entity: 0.5.19+1.20.1
[06:14:55] [main/INFO] - polymorph: 0.49.9+1.20.1
[06:14:55] [main/INFO] - porting_lib_accessors: 2.3.9-beta.52+1.20.1
[06:14:55] [main/INFO] - porting_lib_asm: 2.3.9-beta.51+1.20.1
[06:14:55] [main/INFO] - porting_lib_attributes: 2.3.9-beta.52+1.20.1
[06:14:55] [main/INFO] - porting_lib_base: 2.3.9-beta.52+1.20.1
[06:14:55] [main/INFO] - porting_lib_blocks: 2.3.9-beta.51+1.20.1
[06:14:55] [main/INFO] - porting_lib_brewing: 2.3.9-beta.51+1.20.1
[06:14:55] [main/INFO] - porting_lib_client_events: 2.3.9-beta.51+1.20.1
[06:14:55] [main/INFO] - porting_lib_common: 2.3.9-beta.52+1.20.1
[06:14:55] [main/INFO] - porting_lib_config: 2.3.9-beta.52+1.20.1
[06:14:55] [main/INFO] - porting_lib_core: 2.3.9-beta.52+1.20.1
[06:14:55] [main/INFO] - porting_lib_data: 2.3.9-beta.51+1.20.1
[06:14:55] [main/INFO] - porting_lib_entity: 2.3.9-beta.52+1.20.1
[06:14:55] [main/INFO] - porting_lib_extensions: 2.3.9-beta.52+1.20.1
[06:14:55] [main/INFO] - porting_lib_fluids: 2.3.9-beta.52+1.20.1
[06:14:55] [main/INFO] - porting_lib_gametest: 2.1.1090+1.20
[06:14:55] [main/INFO] - porting_lib_gui_utils: 2.3.9-beta.52+1.20.1
[06:14:55] [main/INFO] - porting_lib_items: 2.3.9-beta.51+1.20.1
[06:14:55] [main/INFO] - porting_lib_lazy_registration: 2.3.9-beta.52+1.20.1
[06:14:55] [main/INFO] - porting_lib_level_events: 2.3.9-beta.51+1.20.1
[06:14:55] [main/INFO] - porting_lib_loot: 2.3.9-beta.51+1.20.1
[06:14:55] [main/INFO] - porting_lib_mixin_extensions: 2.3.9-beta.52+1.20.1
[06:14:55] [main/INFO] - porting_lib_model_generators: 2.3.9-beta.51+1.20.1
[06:14:55] [main/INFO] - porting_lib_model_loader: 2.3.9-beta.51+1.20.1
[06:14:55] [main/INFO] - porting_lib_model_materials: 2.3.9-beta.51+1.20.1
[06:14:55] [main/INFO] - porting_lib_models: 2.3.9-beta.51+1.20.1
[06:14:55] [main/INFO] - porting_lib_networking: 2.3.9-beta.51+1.20.1
[06:14:55] [main/INFO] - porting_lib_obj_loader: 2.3.8+1.20.1
[06:14:55] [main/INFO] - porting_lib_recipe_book_categories: 2.3.9-beta.51+1.20.1
[06:14:55] [main/INFO] - porting_lib_tags: 3.0
[06:14:55] [main/INFO] - porting_lib_tool_actions: 2.3.9-beta.52+1.20.1
[06:14:55] [main/INFO] - porting_lib_transfer: 2.3.9-beta.52+1.20.1
[06:14:55] [main/INFO] - porting_lib_utility: 2.3.9-beta.52+1.20.1
[06:14:55] [main/INFO] - predicate-api: 0.2.1+1.20.1
[06:14:55] [main/INFO] - puzzlesaccessapi: 20.1.1
[06:14:55] [main/INFO] - puzzleslib: 8.1.32
[06:14:55] [main/INFO] - railways: 1.6.9+fabric-mc1.20.1
[06:14:55] [main/INFO] - ranged_weapon_api: 1.1.4+1.20.1
[06:14:55] [main/INFO] - reach-entity-attributes: 2.4.0
[06:14:55] [main/INFO] - reborncore: 5.8.8
[06:14:55] [main/INFO] - rechiseled: 1.1.6
[06:14:55] [main/INFO] - rechiseledcreate: 1.0.2+a
[06:14:55] [main/INFO] - registrate-fabric: 1.3.79-MC1.20.1
[06:14:55] [main/INFO] - rei-enchantment-info: 1.0.0
[06:14:55] [main/INFO] - reinfcore: 3.1.2+1.20
[06:14:55] [main/INFO] - reinfshulker: 2.5.0+1.20
[06:14:55] [main/INFO] - resourcefulconfig: 2.1.3
[06:14:55] [main/INFO] - resourcefullib: 2.1.29
[06:14:55] [main/INFO] - rogues: 1.2.0+1.20.1
[06:14:55] [main/INFO] - roughlyenoughitems: 12.1.785
[06:14:55] [main/INFO] - runelic: 18.0.2
[06:14:55] [main/INFO] - runes: 0.9.13+1.20.1
[06:14:55] [main/INFO] - sc-library: 1.5.0
[06:14:55] [main/INFO] - seasons: 2.3+1.20
[06:14:55] [main/INFO] - server_translations_api: 2.0.0+1.20
[06:14:55] [main/INFO] - sgui: 1.2.2+1.20
[06:14:55] [main/INFO] - shetiphiancore: 1.20.1-1.3
[06:14:55] [main/INFO] - shield_api: 1.0.1+1.20.1
[06:14:55] [main/INFO] - simplyswords: 1.56.0-1.20.1
[06:14:55] [main/INFO] - skyvillages: 1.0.4-1.19.2-1.20.1
[06:14:55] [main/INFO] - smartbrainlib: 1.15
[06:14:55] [main/INFO] - soulsweapons: 1.2.1-1.20.1-fabric
[06:14:55] [main/INFO] - spectrelib: 0.13.17+1.20.1
[06:14:55] [main/INFO] - spell_engine: 0.15.12+1.20.1
[06:14:55] [main/INFO] - spell_power: 0.12.0+1.20.1
[06:14:55] [main/INFO] - sponsor_core: 1.0.0
[06:14:55] [main/INFO] - star: 1.5.2+1.20.1
[06:14:55] [main/INFO] - step-height-entity-attribute: 1.2.0
[06:14:55] [main/INFO] - storagedrawers: 12.10.5
[06:14:55] [main/INFO] - structure_pool_api: 1.0+1.20.1
[06:14:55] [main/INFO] - supermartijn642configlib: 1.1.8+a
[06:14:55] [main/INFO] - supermartijn642corelib: 1.1.18+a
[06:14:55] [main/INFO] - supplementaries: 1.20-3.1.25
[06:14:55] [main/INFO] - t_and_t: 1.12
[06:14:55] [main/INFO] - tconstruct: 1.20.1-3.6.4.287
[06:14:55] [main/INFO] - team_reborn_energy: 3.0.0
[06:14:55] [main/INFO] - techreborn: 5.8.8
[06:14:55] [main/INFO] - terrablender: 3.0.1.10
[06:14:55] [main/INFO] - terralith: 2.5.4
[06:14:55] [main/INFO] - things: 0.3.3+1.20
[06:14:55] [main/INFO] - touhoublessings: 1.0.4
[06:14:55] [main/INFO] - touhouorigins: 1.0.2
[06:14:55] [main/INFO] - transmog: 1.3.0+1.20
[06:14:55] [main/INFO] - trashcans: 1.0.18
[06:14:55] [main/INFO] - trashslot: 15.1.2
[06:14:55] [main/INFO] - travelersbackpack: 9.1.31
[06:14:55] [main/INFO] - trinkets: 3.7.2
[06:14:55] [main/INFO] - underground_bunkers: 1.0.3
[06:14:55] [main/INFO] - universal-graves: 3.0.3+1.20.1
[06:14:55] [main/INFO] - uranus: 2.2.2
[06:14:55] [main/INFO] - valkyrielib: 1.20.1-4.0.4.0
[06:14:55] [main/INFO] - vanillatweaks: 1.5.71
[06:14:55] [main/INFO] - villagesandpillages: 1.0.2
[06:14:55] [main/INFO] - vinery: 1.4.39
[06:14:55] [main/INFO] - wizards: 1.4.1+1.20.1
[06:14:55] [main/INFO] - wunderlib: 1.1.5
[06:14:55] [main/INFO] - xaerominimap: 25.2.0
[06:14:55] [main/INFO] - xaeroworldmap: 1.39.4
[06:14:55] [main/INFO] - yet_another_config_lib_v3: 3.6.6+1.20.1-fabric
[06:14:55] [main/INFO] - yungsapi: 1.20-Fabric-4.0.6
[06:14:55] [main/INFO] - yungscavebiomes: 1.20.1-Fabric-2.0.4
[06:14:55] [main/INFO] ========================================
[06:14:55] [main/INFO] [REI] Registered plugin provider AetherREIServerPlugin [aether] for REIPlugin
[06:14:55] [main/INFO] [REI] Registered plugin provider DefaultPlugin [roughlyenoughitems] for REIPlugin
[06:14:55] [main/INFO] [REI] Registered plugin provider DefaultRuntimePlugin [roughlyenoughitems] for REIPlugin
[06:14:55] [main/INFO] [REI] Registered plugin provider REIPluginServer [tconstruct] for REIPlugin
[06:14:55] [main/INFO] [REI] Registered plugin provider AetherREIServerPlugin [aether] for REIServerPlugin
[06:14:55] [main/INFO] [REI] Registered plugin provider DefaultPlugin [roughlyenoughitems] for REIServerPlugin
[06:14:55] [main/INFO] [REI] Registered plugin provider DefaultRuntimePlugin [roughlyenoughitems] for REIServerPlugin
[06:14:55] [main/INFO] [REI] Registered plugin provider REIPluginServer [tconstruct] for REIServerPlugin
[06:14:55] [main/INFO] [REI] Registered plugin provider FabricFluidAPISupportPlugin for REIServerPlugin
[06:14:55] [main/INFO] [REI] Registered plugin provider FabricFluidAPISupportPlugin for REIPlugin
[06:15:12] [Worker-Main-2/DEBUG] [REI] Processed 0 tags in 66.23 μs for minecraft:damage_type
[06:15:12] [Worker-Main-2/DEBUG] [REI] Processed 96 tags in 2.496 ms for minecraft:entity_type
[06:15:12] [Worker-Main-2/DEBUG] [REI] Processed 7 tags in 35.34 μs for minecraft:enchantment
[06:15:13] [Worker-Main-2/DEBUG] [REI] Processed 1089 tags in 22.00 ms for minecraft:block
[06:15:13] [Worker-Main-2/DEBUG] [REI] Processed 27 tags in 82.80 μs for minecraft:banner_pattern
[06:15:13] [Worker-Main-2/DEBUG] [REI] Processed 3 tags in 46.21 μs for minecraft:painting_variant
[06:15:13] [Worker-Main-2/DEBUG] [REI] Processed 157 tags in 333.5 μs for minecraft:fluid
[06:15:13] [Worker-Main-2/DEBUG] [REI] Processed 2 tags in 19.84 μs for minecraft:cat_variant
[06:15:13] [Worker-Main-2/DEBUG] [REI] Processed 0 tags in 7.630 μs for moonlight:soft_fluids
[06:15:13] [Worker-Main-2/DEBUG] [REI] Processed 0 tags in 7.317 μs for minecraft:dimension_type
[06:15:13] [Worker-Main-2/DEBUG] [REI] Processed 1 tags in 11.36 μs for minecraft:potion
[06:15:13] [Worker-Main-2/DEBUG] [REI] Processed 3 tags in 19.80 μs for minecraft:instrument
[06:15:13] [Worker-Main-2/DEBUG] [REI] Processed 0 tags in 8.594 μs for minecraft:worldgen/structure_set
[06:15:13] [Worker-Main-2/DEBUG] [REI] Processed 6 tags in 457.5 μs for minecraft:game_event
[06:15:13] [Worker-Main-2/DEBUG] [REI] Processed 1969 tags in 14.50 ms for minecraft:item
[06:15:13] [Worker-Main-2/DEBUG] [REI] Processed 0 tags in 212.6 μs for minec